2019-08-18 14:09:26 [main] INFO  BasePage:47 - Loader mask gone...
2019-08-18 14:09:45 [main] INFO  BasePage:47 - Loader mask gone...
2019-08-18 14:10:01 [main] INFO  BasePage:47 - Loader mask gone...
2019-08-18 14:10:13 [main] INFO  BasePage:47 - Loader mask gone...
2019-08-18 14:10:29 [main] INFO  BasePage:47 - Loader mask gone...
2019-08-18 14:10:44 [main] INFO  BasePage:47 - Loader mask gone...
2019-08-18 14:10:57 [main] INFO  BasePage:47 - Loader mask gone...
2019-08-18 14:11:10 [main] INFO  BasePage:47 - Loader mask gone...
2019-08-18 14:11:26 [main] INFO  BasePage:47 - Loader mask gone...
2019-08-18 14:11:42 [main] INFO  BasePage:47 - Loader mask gone...
2019-08-18 14:11:58 [main] INFO  BasePage:47 - Loader mask gone...
2019-08-18 14:12:14 [main] INFO  BasePage:47 - Loader mask gone...
2019-08-18 14:15:19 [main] ERROR BasePage:79 - Failed to click on :: Vehicles
2019-08-18 14:15:19 [main] ERROR BasePage:80 - org.openqa.selenium.TimeoutException: Expected condition failed: waiting for visibility of element located by By.xpath: //span[normalize-space()='Vehicles' and contains(@class, 'title title-level-2')] (tried for 8 second(s) with 500 milliseconds interval)
Build info: version: '3.141.59', revision: 'e82be7d358', time: '2018-11-14T08:17:03'
System info: host: 'DESKTOP-O903K93', ip: '10.0.0.42', os.name: 'Windows 10', os.arch: 'amd64', os.version: '10.0', java.version: '11.0.2'
Driver info: org.openqa.selenium.chrome.ChromeDriver
Capabilities {acceptInsecureCerts: false, browserName: chrome, browserVersion: 76.0.3809.100, chrome: {chromedriverVersion: 76.0.3809.68 (420c9498db8ce..., userDataDir: C:\Users\ademo\AppData\Loca...}, goog:chromeOptions: {debuggerAddress: localhost:63578}, javascriptEnabled: true, networkConnectionEnabled: false, pageLoadStrategy: normal, platform: XP, platformName: XP, proxy: Proxy(), setWindowRect: true, strictFileInteractability: false, timeouts: {implicit: 0, pageLoad: 300000, script: 30000}, unhandledPromptBehavior: dismiss and notify}
Session ID: 7a2a80025bf6794d245fc2b31b2cb49c
2019-08-21 15:38:57 [main] INFO  BasePage:47 - Loader mask gone...
2019-08-21 15:39:17 [main] INFO  BasePage:47 - Loader mask gone...
2019-08-21 15:49:43 [pool-1-thread-1] INFO  BasePage:47 - Loader mask gone...
2019-08-21 15:49:44 [pool-1-thread-1] INFO  BasePage:47 - Loader mask gone...
2019-08-21 15:49:44 [pool-1-thread-1] INFO  BasePage:47 - Loader mask gone...
2019-08-21 15:50:03 [pool-1-thread-1] INFO  BasePage:47 - Loader mask gone...
2019-08-21 15:50:10 [pool-1-thread-1] INFO  BasePage:47 - Loader mask gone...
2019-08-21 15:50:33 [pool-1-thread-1] INFO  BasePage:47 - Loader mask gone...
2019-08-21 15:50:47 [pool-1-thread-1] INFO  BasePage:47 - Loader mask gone...
2019-09-04 13:31:59 [pool-1-thread-1] INFO  BasePage:47 - Loader mask gone...
2019-09-04 13:32:01 [pool-1-thread-1] INFO  BasePage:47 - Loader mask gone...
2019-09-04 13:32:02 [pool-1-thread-1] INFO  BasePage:47 - Loader mask gone...
2019-09-04 13:32:23 [pool-1-thread-1] INFO  BasePage:47 - Loader mask gone...
2019-09-04 13:32:28 [pool-1-thread-1] INFO  BasePage:47 - Loader mask gone...
2019-09-04 13:32:55 [pool-1-thread-1] INFO  BasePage:47 - Loader mask gone...
2019-09-04 13:33:24 [pool-1-thread-1] ERROR BasePage:49 - Loader mask doesn't present.
2019-09-04 13:33:24 [pool-1-thread-1] ERROR BasePage:50 - org.openqa.selenium.TimeoutException: Expected condition failed: waiting for invisibility of Proxy element for: DefaultElementLocator 'By.cssSelector: div[class='loader-mask shown']' (tried for 8 second(s) with 500 milliseconds interval)
2019-09-14 20:09:10 [pool-1-thread-1] ERROR BasePage:49 - Loader mask doesn't present.
2019-09-14 20:09:10 [pool-1-thread-1] ERROR BasePage:50 - org.openqa.selenium.TimeoutException: Expected condition failed: waiting for invisibility of [[ChromeDriver: chrome on XP (6c45b2f8649409c3463a33282bbc7e78)] -> css selector: div[class='loader-mask shown']] (tried for 8 second(s) with 500 milliseconds interval)
Build info: version: '3.141.59', revision: 'e82be7d358', time: '2018-11-14T08:17:03'
System info: host: 'DESKTOP-O903K93', ip: '10.0.0.42', os.name: 'Windows 10', os.arch: 'amd64', os.version: '10.0', java.version: '11.0.2'
Driver info: org.openqa.selenium.chrome.ChromeDriver
Capabilities {acceptInsecureCerts: false, browserName: chrome, browserVersion: 77.0.3865.75, chrome: {chromedriverVersion: 77.0.3865.40 (f484704e052e0..., userDataDir: C:\Users\ademo\AppData\Loca...}, goog:chromeOptions: {debuggerAddress: localhost:58457}, javascriptEnabled: true, networkConnectionEnabled: false, pageLoadStrategy: normal, platform: XP, platformName: XP, proxy: Proxy(), setWindowRect: true, strictFileInteractability: false, timeouts: {implicit: 0, pageLoad: 300000, script: 30000}, unhandledPromptBehavior: dismiss and notify}
Session ID: 6c45b2f8649409c3463a33282bbc7e78
2019-09-14 20:09:14 [pool-1-thread-1] INFO  BasePage:47 - Loader mask gone...
2019-09-14 20:09:15 [pool-1-thread-1] INFO  BasePage:47 - Loader mask gone...
2019-09-14 20:09:25 [pool-1-thread-1] INFO  BasePage:47 - Loader mask gone...
2019-09-14 20:09:36 [pool-1-thread-1] INFO  BasePage:47 - Loader mask gone...
2019-09-14 20:09:51 [pool-1-thread-1] INFO  BasePage:47 - Loader mask gone...
2019-09-14 20:10:00 [pool-1-thread-1] INFO  BasePage:47 - Loader mask gone...
